{
  error: Error: listen EADDRINUSE: address already in use :::3000
      at Server.setupListenHandle [as _listen2] (node:net:1774:16)
      at listenInCluster (node:net:1822:12)
      at Server.listen (node:net:1910:7)
      at Function.listen (C:\Users\efsan\Desktop\shopapp2SON\shopapp\node_modules\express\lib\application.js:635:24)
      at Object.<anonymous> (C:\Users\efsan\Desktop\shopapp2SON\shopapp\app.js:10:5)
      at Module._compile (node:internal/modules/cjs/loader:1275:14)
      at Module._extensions..js (node:internal/modules/cjs/loader:1329:10)
      at Module.load (node:internal/modules/cjs/loader:1133:32)
      at Module._load (node:internal/modules/cjs/loader:972:12)
      at Function.executeUserEntryPoint [as runMain] (node:internal/modules/run_main:83:12) {
    code: 'EADDRINUSE',
    errno: -4091,
    syscall: 'listen',
    address: '::',
    port: 3000
  },
  level: 'error',
  message: 'uncaughtException: listen EADDRINUSE: address already in use :::3000\n' +
    'Error: listen EADDRINUSE: address already in use :::3000\n' +
    '    at Server.setupListenHandle [as _listen2] (node:net:1774:16)\n' +
    '    at listenInCluster (node:net:1822:12)\n' +
    '    at Server.listen (node:net:1910:7)\n' +
    '    at Function.listen (C:\\Users\\efsan\\Desktop\\shopapp2SON\\shopapp\\node_modules\\express\\lib\\application.js:635:24)\n' +
    '    at Object.<anonymous> (C:\\Users\\efsan\\Desktop\\shopapp2SON\\shopapp\\app.js:10:5)\n' +
    '    at Module._compile (node:internal/modules/cjs/loader:1275:14)\n' +
    '    at Module._extensions..js (node:internal/modules/cjs/loader:1329:10)\n' +
    '    at Module.load (node:internal/modules/cjs/loader:1133:32)\n' +
    '    at Module._load (node:internal/modules/cjs/loader:972:12)\n' +
    '    at Function.executeUserEntryPoint [as runMain] (node:internal/modules/run_main:83:12)',
  stack: 'Error: listen EADDRINUSE: address already in use :::3000\n' +
    '    at Server.setupListenHandle [as _listen2] (node:net:1774:16)\n' +
    '    at listenInCluster (node:net:1822:12)\n' +
    '    at Server.listen (node:net:1910:7)\n' +
    '    at Function.listen (C:\\Users\\efsan\\Desktop\\shopapp2SON\\shopapp\\node_modules\\express\\lib\\application.js:635:24)\n' +
    '    at Object.<anonymous> (C:\\Users\\efsan\\Desktop\\shopapp2SON\\shopapp\\app.js:10:5)\n' +
    '    at Module._compile (node:internal/modules/cjs/loader:1275:14)\n' +
    '    at Module._extensions..js (node:internal/modules/cjs/loader:1329:10)\n' +
    '    at Module.load (node:internal/modules/cjs/loader:1133:32)\n' +
    '    at Module._load (node:internal/modules/cjs/loader:972:12)\n' +
    '    at Function.executeUserEntryPoint [as runMain] (node:internal/modules/run_main:83:12)',
  exception: true,
  date: 'Fri Apr 28 2023 17:03:49 GMT+0300 (GMT+03:00)',
  process: {
    pid: 22456,
    uid: null,
    gid: null,
    cwd: 'C:\\Users\\efsan\\Desktop\\shopapp2SON\\shopapp',
    execPath: 'C:\\Program Files\\nodejs\\node.exe',
    version: 'v19.8.1',
    argv: [
      'C:\\Program Files\\nodejs\\node.exe',
      'C:\\Users\\efsan\\Desktop\\shopapp2SON\\shopapp\\app.js'
    ],
    memoryUsage: {
      rss: 86831104,
      heapTotal: 61526016,
      heapUsed: 36248384,
      external: 38260865,
      arrayBuffers: 37065785
    }
  },
  os: { loadavg: [ 0, 0, 0 ], uptime: 424973.406 },
  trace: [
    {
      column: 16,
      file: 'node:net',
      function: 'Server.setupListenHandle [as _listen2]',
      line: 1774,
      method: 'setupListenHandle [as _listen2]',
      native: false
    },
    {
      column: 12,
      file: 'node:net',
      function: 'listenInCluster',
      line: 1822,
      method: null,
      native: false
    },
    {
      column: 7,
      file: 'node:net',
      function: 'Server.listen',
      line: 1910,
      method: 'listen',
      native: false
    },
    {
      column: 24,
      file: 'C:\\Users\\efsan\\Desktop\\shopapp2SON\\shopapp\\node_modules\\express\\lib\\application.js',
      function: 'Function.listen',
      line: 635,
      method: 'listen',
      native: false
    },
    {
      column: 5,
      file: 'C:\\Users\\efsan\\Desktop\\shopapp2SON\\shopapp\\app.js',
      function: null,
      line: 10,
      method: null,
      native: false
    },
    {
      column: 14,
      file: 'node:internal/modules/cjs/loader',
      function: 'Module._compile',
      line: 1275,
      method: '_compile',
      native: false
    },
    {
      column: 10,
      file: 'node:internal/modules/cjs/loader',
      function: 'Module._extensions..js',
      line: 1329,
      method: '.js',
      native: false
    },
    {
      column: 32,
      file: 'node:internal/modules/cjs/loader',
      function: 'Module.load',
      line: 1133,
      method: 'load',
      native: false
    },
    {
      column: 12,
      file: 'node:internal/modules/cjs/loader',
      function: 'Module._load',
      line: 972,
      method: '_load',
      native: false
    },
    {
      column: 12,
      file: 'node:internal/modules/run_main',
      function: 'Function.executeUserEntryPoint [as runMain]',
      line: 83,
      method: 'executeUserEntryPoint [as runMain]',
      native: false
    }
  ],
  timestamp: 'Apr-28-2023 17:03:49'
}
